[main fe5b1b4] feat(worker): add lm studio execution and phase2 receipts
 66 files changed, 1164 insertions(+), 125 deletions(-)
 create mode 100644 docs/jcn-agent-stack/PHASE2_PROGRESS.md
 create mode 100644 docs/jcn-agent-stack/runs/2026-03-04T23-33-52Z-3846.json
 create mode 100644 docs/jcn-agent-stack/runs/2026-03-04T23-33-52Z-3846.txt
 create mode 100644 docs/jcn-agent-stack/runs/2026-03-04T23-34-09Z-7ffe.json
 create mode 100644 docs/jcn-agent-stack/runs/2026-03-04T23-34-09Z-7ffe.txt
 create mode 100644 docs/jcn-agent-stack/runs/2026-03-04T23-34-30Z-e477.json
 create mode 100644 docs/jcn-agent-stack/runs/2026-03-04T23-34-30Z-e477.txt
 create mode 100644 docs/jcn-agent-stack/runs/2026-03-04T23-34-33Z-1f6a.json
 create mode 100644 docs/jcn-agent-stack/runs/2026-03-04T23-34-33Z-1f6a.txt
 create mode 100644 docs/jcn-agent-stack/runs/2026-03-04T23-34-55Z-8eff.json
 create mode 100644 docs/jcn-agent-stack/runs/2026-03-04T23-34-55Z-8eff.txt
 create mode 100644 docs/jcn-agent-stack/runs/2026-03-04T23-34-56Z-fd1a.json
 create mode 100644 docs/jcn-agent-stack/runs/2026-03-04T23-34-56Z-fd1a.txt
 create mode 100644 docs/jcn-agent-stack/runs/2026-03-04T23-35-48Z-0655.json
 create mode 100644 docs/jcn-agent-stack/runs/2026-03-04T23-35-48Z-0655.txt
 create mode 100644 docs/jcn-agent-stack/runs/2026-03-04T23-35-48Z-e3ea.json
 create mode 100644 docs/jcn-agent-stack/runs/2026-03-04T23-35-48Z-e3ea.txt
 create mode 100644 docs/jcn-agent-stack/runs/2026-03-04T23-35-48Z-ef88.json
 create mode 100644 docs/jcn-agent-stack/runs/2026-03-04T23-35-48Z-ef88.txt
 create mode 100644 docs/jcn-agent-stack/runs/2026-03-04T23-35-53Z-fb7f.json
 create mode 100644 docs/jcn-agent-stack/runs/2026-03-04T23-35-53Z-fb7f.txt
 create mode 100644 logs/phase2/final-cleanup-cmd-jcn-worker-docs.log
 create mode 100644 logs/phase2/final-git-add.log
 create mode 100644 logs/phase2/final-git-status.log
 create mode 100644 logs/phase2/final-gofmt.log
 create mode 100644 logs/phase2/final-test-sideeffect-fix.log
 create mode 100644 logs/phase2/final-unexpected-docs-inspect.log
 create mode 100644 logs/phase2/m1-baseline-go-test.log
 create mode 100644 logs/phase2/m1-baseline-worker.log
 create mode 100644 logs/phase2/m1-progress-update.log
 create mode 100644 logs/phase2/m2-listening-ports.log
 create mode 100644 logs/phase2/m2-lms-get-help.log
 create mode 100644 logs/phase2/m2-lms-get-model.log
 create mode 100644 logs/phase2/m2-lms-help.log
 create mode 100644 logs/phase2/m2-lms-load.log
 create mode 100644 logs/phase2/m2-lms-ls.log
 create mode 100644 logs/phase2/m2-lms-ps.log
 create mode 100644 logs/phase2/m2-lms-server-help.log
 create mode 100644 logs/phase2/m2-lms-server-start.log
 create mode 100644 logs/phase2/m2-lmstudio-chat.log
 create mode 100644 logs/phase2/m2-lmstudio-health.log
 create mode 100644 logs/phase2/m2-progress-update.log
 create mode 100644 logs/phase2/m2-which-lms.log
 create mode 100644 logs/phase2/m2-which-lmstudio.log
 create mode 100644 logs/phase2/m3-code-main-update.log
 create mode 100644 logs/phase2/m3-code-test-update.log
 create mode 100644 logs/phase2/m3-doc-example-update.log
 create mode 100644 logs/phase2/m3-gofmt.log
 create mode 100644 logs/phase2/m3-progress-update.log
 create mode 100644 logs/phase2/m3-worker-lmstudio-call.log
 create mode 100644 logs/phase2/m4-latest-run-record.log
 create mode 100644 logs/phase2/m4-progress-update.log
 create mode 100644 logs/phase2/m4-runs-dir-list.log
 create mode 100644 logs/phase2/m4-worker-run-artifacts.log
 create mode 100644 logs/phase2/m5-final-go-test.log
 create mode 100644 logs/phase2/m5-hash-check.log
 create mode 100644 logs/phase2/m5-hash-stability.log
 create mode 100644 logs/phase2/m5-progress-final.log
 create mode 100644 logs/phase2/m5-replay.log
 create mode 100644 logs/phase2/m5-worker-doc-update.log
