Usage: lms [options] [command]

Local models
   chat               Start an interactive chat with a model
   get                Search and download local models
   load               Load a model
   unload             Unload a model
   ls                 List the models available on disk
   ps                 List the models currently loaded in memory
   import             Import a model file into LM Studio

Serve
   server             Commands for managing the local server
   log                Log incoming and outgoing messages

Runtime
   runtime            Manage and update the inference runtime

Develop & Publish (Beta)
   clone              Clone an artifact from LM Studio Hub to a local folder
   push               Uploads the artifact in the current folder to LM Studio Hub
   dev                Starts a plugin dev server in the current folder
   login              Authenticate with LM Studio
   logout             Log out of LM Studio
   whoami             Check the current authentication status

Learn more:           https://lmstudio.ai/docs/developer
Join our Discord:     https://discord.gg/lmstudio
