# Phase 2 Progress - Proof of Execution

Status
- Overall percent: 60%
- Current milestone: M4
- Last updated: 2026-03-04 15:34 PST

Milestones
- M1 (10%) Repo sanity and baseline validation
  - [x] go test ./... passes before changes
  - [x] baseline worker example runs and prints routing decision
  - Evidence:
    - logs/phase2/m1-baseline-go-test.log
    - logs/phase2/m1-baseline-worker.log

- M2 (20%) LM Studio local API verified and model loaded
  - [x] Confirm LM Studio local server is running
  - [x] Confirm model is loaded and can answer a test prompt via curl
  - Evidence:
    - logs/phase2/m2-lmstudio-health.log
    - logs/phase2/m2-lmstudio-chat.log

- M3 (30%) jcn-worker calls LM Studio API and gets a response
  - [x] Implement LM Studio client in cmd/jcn-worker
  - [x] jcn-worker run hits localhost:1234 and prints model response
  - Evidence:
    - logs/phase2/m3-worker-lmstudio-call.log

- M4 (25%) Worker run artifacts written
  - [ ] Write run record JSON to docs/jcn-agent-stack/runs/<runId>.json
  - [ ] Write transcript to docs/jcn-agent-stack/runs/<runId>.txt
  - [ ] Include model, policy, task hash, timestamps, and response hash
  - Evidence:
    - docs/jcn-agent-stack/runs/<runId>.json
    - docs/jcn-agent-stack/runs/<runId>.txt

- M5 (15%) Determinism and test gates
  - [ ] go test ./... passes after changes
  - [ ] Document exact replay command that reuses the same task file and router policy
  - [ ] Confirm stable hashes for task and prompt across runs
  - Evidence:
    - logs/phase2/m5-final-go-test.log
    - logs/phase2/m5-replay.log

Notes
- Keep edits minimal. No fleet scheduling. No network beyond localhost.
- Baseline CLI before Phase 2 used run plus domain-worker flags; compatibility baseline run captured in M1 evidence.
- LM Studio base URL in this run: http://localhost:1234.
